<?xml version="1.0" encoding="UTF-8"?>
<testsuite name="ohtu.verkkokauppa.KauppaTest" tests="7" skipped="0" failures="0" errors="0" timestamp="2017-04-23T14:12:35" hostname="dhcp-asv-101" time="1.92">
  <properties/>
  <testcase name="tuotteenPoistaminenToimii" classname="ohtu.verkkokauppa.KauppaTest" time="1.903"/>
  <testcase name="ostoksenPaaytyttyaPankinMetodiaTilisiirtoKutsutaan" classname="ohtu.verkkokauppa.KauppaTest" time="0.004"/>
  <testcase name="tilisiirtoaKutsutaanOikeinLoppuneellaJaEiTuotteella" classname="ohtu.verkkokauppa.KauppaTest" time="0.003"/>
  <testcase name="pankinMetodiaKutsutaanUseallaSamallaTuotteella" classname="ohtu.verkkokauppa.KauppaTest" time="0.003"/>
  <testcase name="pankinMetodiaKutsutaanOikeinUseallaEriTuotteella" classname="ohtu.verkkokauppa.KauppaTest" time="0.002"/>
  <testcase name="jokaiselleMaksutapahtumalleUusiViitenumero" classname="ohtu.verkkokauppa.KauppaTest" time="0.002"/>
  <testcase name="edellinenToimintoEiNaySeuraavassa" classname="ohtu.verkkokauppa.KauppaTest" time="0.002"/>
  <system-out><![CDATA[]]></system-out>
  <system-err><![CDATA[]]></system-err>
</testsuite>
