<?xml version="1.0" encoding="UTF-8"?>
<testsuite name="ohtu.lyyrakortti.KassapaateTest" tests="4" skipped="0" failures="0" errors="0" timestamp="2017-04-23T13:22:21" hostname="dhcp-asv-101" time="0.525">
  <properties/>
  <testcase name="kortiltaVelotetaanHintaJosRahaaOn" classname="ohtu.lyyrakortti.KassapaateTest" time="0.521"/>
  <testcase name="lataaKortilleRahaaJosSummaOnPositiivinen" classname="ohtu.lyyrakortti.KassapaateTest" time="0.002"/>
  <testcase name="lataaKortilleRahaaJosSummaOnNegatiivinen" classname="ohtu.lyyrakortti.KassapaateTest" time="0.001"/>
  <testcase name="kortiltaEiVelotetaJosRahaEiRiita" classname="ohtu.lyyrakortti.KassapaateTest" time="0.001"/>
  <system-out><![CDATA[]]></system-out>
  <system-err><![CDATA[]]></system-err>
</testsuite>
